Using pre-set license
Built from '2022.3/staging' branch; Version is '2022.3.24f1 (334eb2a0b267) revision 3362482'; Using compiler version '192829333'; Build Type 'Release'
OS: 'Windows 11  (10.0.22621) 64bit Professional' Language: 'de' Physical Memory: 32664 MB
BatchMode: 1, IsHumanControllingUs: 0, StartBugReporterOnCrash: 0, Is64bit: 1, IsPro: 1

COMMAND LINE ARGUMENTS:
C:\Program Files\Unity\Hub\Editor\2022.3.24f1\Editor\Unity.exe
-adb2
-batchMode
-noUpm
-name
AssetImportWorker2
-projectPath
D:/Propädeutikum Hottong 2023/Stand12-05-2024/VRMultiUser/ChariteVRv4
-logFile
Logs/AssetImportWorker2.log
-srvPort
64341
Successfully changed project path to: D:/Propädeutikum Hottong 2023/Stand12-05-2024/VRMultiUser/ChariteVRv4
D:/Propädeutikum Hottong 2023/Stand12-05-2024/VRMultiUser/ChariteVRv4
[UnityMemory] Configuration Parameters - Can be set up in boot.config
    "memorysetup-bucket-allocator-granularity=16"
    "memorysetup-bucket-allocator-bucket-count=8"
    "memorysetup-bucket-allocator-block-size=33554432"
    "memorysetup-bucket-allocator-block-count=8"
    "memorysetup-main-allocator-block-size=16777216"
    "memorysetup-thread-allocator-block-size=16777216"
    "memorysetup-gfx-main-allocator-block-size=16777216"
    "memorysetup-gfx-thread-allocator-block-size=16777216"
    "memorysetup-cache-allocator-block-size=4194304"
    "memorysetup-typetree-allocator-block-size=2097152"
    "memorysetup-profiler-bucket-allocator-granularity=16"
    "memorysetup-profiler-bucket-allocator-bucket-count=8"
    "memorysetup-profiler-bucket-allocator-block-size=33554432"
    "memorysetup-profiler-bucket-allocator-block-count=8"
    "memorysetup-profiler-allocator-block-size=16777216"
    "memorysetup-profiler-editor-allocator-block-size=1048576"
    "memorysetup-temp-allocator-size-main=16777216"
    "memorysetup-job-temp-allocator-block-size=2097152"
    "memorysetup-job-temp-allocator-block-size-background=1048576"
    "memorysetup-job-temp-allocator-reduction-small-platforms=262144"
    "memorysetup-allocator-temp-initial-block-size-main=262144"
    "memorysetup-allocator-temp-initial-block-size-worker=262144"
    "memorysetup-temp-allocator-size-background-worker=32768"
    "memorysetup-temp-allocator-size-job-worker=262144"
    "memorysetup-temp-allocator-size-preload-manager=33554432"
    "memorysetup-temp-allocator-size-nav-mesh-worker=65536"
    "memorysetup-temp-allocator-size-audio-worker=65536"
    "memorysetup-temp-allocator-size-cloud-worker=32768"
    "memorysetup-temp-allocator-size-gi-baking-worker=262144"
    "memorysetup-temp-allocator-size-gfx=262144"
Player connection [45504] Host "[IP] 192.193.194.10 [Port] 0 [Flags] 2 [Guid] 1450440870 [EditorId] 1450440870 [Version] 1048832 [Id] WindowsEditor(7,DM-N003-THRDRPR) [Debug] 1 [PackageName] WindowsEditor [ProjectName] Editor" joined multi-casting on [225.0.0.222:54997]...

Player connection [45504] Host "[IP] 192.193.194.10 [Port] 0 [Flags] 2 [Guid] 1450440870 [EditorId] 1450440870 [Version] 1048832 [Id] WindowsEditor(7,DM-N003-THRDRPR) [Debug] 1 [PackageName] WindowsEditor [ProjectName] Editor" joined alternative multi-casting on [225.0.0.222:34997]...

[Physics::Module] Initialized MultithreadedJobDispatcher with 31 workers.
Refreshing native plugins compatible for Editor in 4861.61 ms, found 41 plugins.
Preloading 1 native plugins for Editor in 0.87 ms.
Initialize engine version: 2022.3.24f1 (334eb2a0b267)
[Subsystems] Discovering subsystems at path C:/Program Files/Unity/Hub/Editor/2022.3.24f1/Editor/Data/Resources/UnitySubsystems
[Subsystems] Discovering subsystems at path D:/Propädeutikum Hottong 2023/Stand12-05-2024/VRMultiUser/ChariteVRv4/Assets
GfxDevice: creating device client; threaded=0; jobified=0
Direct3D:
    Version:  Direct3D 11.0 [level 11.1]
    Renderer: NVIDIA GeForce GTX 1070 Ti (ID=0x1b82)
    Vendor:   NVIDIA
    VRAM:     8073 MB
    Driver:   31.0.15.4601
Initialize mono
Mono path[0] = 'C:/Program Files/Unity/Hub/Editor/2022.3.24f1/Editor/Data/Managed'
Mono path[1] = 'C:/Program Files/Unity/Hub/Editor/2022.3.24f1/Editor/Data/MonoBleedingEdge/lib/mono/unityjit-win32'
Mono config path = 'C:/Program Files/Unity/Hub/Editor/2022.3.24f1/Editor/Data/MonoBleedingEdge/etc'
Using monoOptions --debugger-agent=transport=dt_socket,embedding=1,server=y,suspend=n,address=127.0.0.1:56000
Begin MonoManager ReloadAssembly
Registering precompiled unity dll's ...
Register platform support module: C:/Program Files/Unity/Hub/Editor/2022.3.24f1/Editor/Data/PlaybackEngines/AndroidPlayer/UnityEditor.Android.Extensions.dll
Register platform support module: C:/Program Files/Unity/Hub/Editor/2022.3.24f1/Editor/Data/PlaybackEngines/WindowsStandaloneSupport/UnityEditor.WindowsStandalone.Extensions.dll
Registered in 0.348844 seconds.
- Loaded All Assemblies, in  7.246 seconds
Native extension for WindowsStandalone target not found
Native extension for Android target not found
Android Extension - Scanning For ADB Devices 478 ms
Mono: successfully reloaded assembly
- Finished resetting the current domain, in  0.991 seconds
Domain Reload Profiling: 8234ms
	BeginReloadAssembly (5028ms)
		ExecutionOrderSort (0ms)
		DisableScriptedObjects (0ms)
		BackupInstance (0ms)
		ReleaseScriptingObjects (0ms)
		CreateAndSetChildDomain (1ms)
	RebuildCommonClasses (433ms)
	RebuildNativeTypeToScriptingClass (13ms)
	initialDomainReloadingComplete (415ms)
	LoadAllAssembliesAndSetupDomain (1354ms)
		LoadAssemblies (5025ms)
		RebuildTransferFunctionScriptingTraits (0ms)
		AnalyzeDomain (1351ms)
			TypeCache.Refresh (1349ms)
				TypeCache.ScanAssembly (1090ms)
			ScanForSourceGeneratedMonoScriptInfo (0ms)
			ResolveRequiredComponents (0ms)
	FinalizeReload (991ms)
		ReleaseScriptCaches (0ms)
		RebuildScriptCaches (0ms)
		SetupLoadedEditorAssemblies (924ms)
			LogAssemblyErrors (0ms)
			InitializePlatformSupportModulesInManaged (726ms)
			SetLoadedEditorAssemblies (4ms)
			RefreshPlugins (0ms)
			BeforeProcessingInitializeOnLoad (2ms)
			ProcessInitializeOnLoadAttributes (137ms)
			ProcessInitializeOnLoadMethodAttributes (54ms)
			AfterProcessingInitializeOnLoad (0ms)
			EditorAssembliesLoaded (0ms)
		ExecutionOrderSort2 (0ms)
		AwakeInstancesAfterBackupRestoration (0ms)
========================================================================
Worker process is ready to serve import requests
Begin MonoManager ReloadAssembly
Symbol file LoadedFromMemory is not a mono symbol file
- Loaded All Assemblies, in 13.174 seconds
Refreshing native plugins compatible for Editor in 27.46 ms, found 41 plugins.
Native extension for WindowsStandalone target not found
Native extension for Android target not found
Package Manager log level set to [2]
[Package Manager] Server::EnsureServerProcessIsRunning -- launch failed, reason: Unity was launched with the -noUpm command-line argument
[Package Manager] UpmClient::Send -- Unable to send message (not connected to UPM process).
[Package Manager] Cannot connect to Unity Package Manager local server
Wave.XR.ViveWaveEyeGaze ctor()
UnityEngine.StackTraceUtility:ExtractStackTrace ()
UnityEngine.DebugLogHandler:LogFormat (UnityEngine.LogType,UnityEngine.Object,string,object[])
UnityEngine.Logger:Log (UnityEngine.LogType,object)
UnityEngine.Debug:Log (object)
Wave.XR.ViveWaveEyeGaze:DEBUG (System.Text.StringBuilder) (at ./Library/PackageCache/com.htc.upm.wave.xrsdk@dd738b632a/Runtime/ViveWaveEyeGaze.cs:66)
Wave.XR.ViveWaveEyeGaze:.cctor () (at ./Library/PackageCache/com.htc.upm.wave.xrsdk@dd738b632a/Runtime/ViveWaveEyeGaze.cs:76)
System.Runtime.CompilerServices.RuntimeHelpers:RunClassConstructor (System.RuntimeTypeHandle)
UnityEditor.EditorAssemblies:ProcessInitializeOnLoadAttributes (System.Type[])

(Filename: ./Library/PackageCache/com.htc.upm.wave.xrsdk@dd738b632a/Runtime/ViveWaveEyeGaze.cs Line: 66)

Wave.XR.ViveWaveEyeGaze Initialize() RegisterLayout with interface Eye Gaze
UnityEngine.StackTraceUtility:ExtractStackTrace ()
UnityEngine.DebugLogHandler:LogFormat (UnityEngine.LogType,UnityEngine.Object,string,object[])
UnityEngine.Logger:Log (UnityEngine.LogType,object)
UnityEngine.Debug:Log (object)
Wave.XR.ViveWaveEyeGaze:DEBUG (System.Text.StringBuilder) (at ./Library/PackageCache/com.htc.upm.wave.xrsdk@dd738b632a/Runtime/ViveWaveEyeGaze.cs:66)
Wave.XR.ViveWaveEyeGaze:Initialize () (at ./Library/PackageCache/com.htc.upm.wave.xrsdk@dd738b632a/Runtime/ViveWaveEyeGaze.cs:84)
Wave.XR.ViveWaveEyeGaze:.cctor () (at ./Library/PackageCache/com.htc.upm.wave.xrsdk@dd738b632a/Runtime/ViveWaveEyeGaze.cs:77)
System.Runtime.CompilerServices.RuntimeHelpers:RunClassConstructor (System.RuntimeTypeHandle)
UnityEditor.EditorAssemblies:ProcessInitializeOnLoadAttributes (System.Type[])

(Filename: ./Library/PackageCache/com.htc.upm.wave.xrsdk@dd738b632a/Runtime/ViveWaveEyeGaze.cs Line: 66)

Wave.XR.ViveWaveEyeGaze Initialize() Adds a ViveWaveEyeGaze device.
UnityEngine.StackTraceUtility:ExtractStackTrace ()
UnityEngine.DebugLogHandler:LogFormat (UnityEngine.LogType,UnityEngine.Object,string,object[])
UnityEngine.Logger:Log (UnityEngine.LogType,object)
UnityEngine.Debug:Log (object)
Wave.XR.ViveWaveEyeGaze:DEBUG (System.Text.StringBuilder) (at ./Library/PackageCache/com.htc.upm.wave.xrsdk@dd738b632a/Runtime/ViveWaveEyeGaze.cs:66)
Wave.XR.ViveWaveEyeGaze:Initialize () (at ./Library/PackageCache/com.htc.upm.wave.xrsdk@dd738b632a/Runtime/ViveWaveEyeGaze.cs:99)
Wave.XR.ViveWaveEyeGaze:.cctor () (at ./Library/PackageCache/com.htc.upm.wave.xrsdk@dd738b632a/Runtime/ViveWaveEyeGaze.cs:77)
System.Runtime.CompilerServices.RuntimeHelpers:RunClassConstructor (System.RuntimeTypeHandle)
UnityEditor.EditorAssemblies:ProcessInitializeOnLoadAttributes (System.Type[])

(Filename: ./Library/PackageCache/com.htc.upm.wave.xrsdk@dd738b632a/Runtime/ViveWaveEyeGaze.cs Line: 66)

Wave.XR.ViveWaveController InitializeInPlayer() WVR_CR_Left_001
UnityEngine.StackTraceUtility:ExtractStackTrace ()
UnityEngine.DebugLogHandler:LogFormat (UnityEngine.LogType,UnityEngine.Object,string,object[])
UnityEngine.Logger:Log (UnityEngine.LogType,object)
UnityEngine.Debug:Log (object)
Wave.XR.ViveWaveController:DEBUG (System.Text.StringBuilder) (at ./Library/PackageCache/com.htc.upm.wave.xrsdk@dd738b632a/Runtime/ViveWaveController.cs:44)
Wave.XR.ViveWaveController:InitializeInPlayer () (at ./Library/PackageCache/com.htc.upm.wave.xrsdk@dd738b632a/Runtime/ViveWaveController.cs:66)
Wave.XR.ViveWaveController:.cctor () (at ./Library/PackageCache/com.htc.upm.wave.xrsdk@dd738b632a/Runtime/ViveWaveController.cs:59)
System.Runtime.CompilerServices.RuntimeHelpers:RunClassConstructor (System.RuntimeTypeHandle)
UnityEditor.EditorAssemblies:ProcessInitializeOnLoadAttributes (System.Type[])

(Filename: ./Library/PackageCache/com.htc.upm.wave.xrsdk@dd738b632a/Runtime/ViveWaveController.cs Line: 44)

Wave.XR.ViveWaveController InitializeInPlayer() WVR_CR_Right_001
UnityEngine.StackTraceUtility:ExtractStackTrace ()
UnityEngine.DebugLogHandler:LogFormat (UnityEngine.LogType,UnityEngine.Object,string,object[])
UnityEngine.Logger:Log (UnityEngine.LogType,object)
UnityEngine.Debug:Log (object)
Wave.XR.ViveWaveController:DEBUG (System.Text.StringBuilder) (at ./Library/PackageCache/com.htc.upm.wave.xrsdk@dd738b632a/Runtime/ViveWaveController.cs:44)
Wave.XR.ViveWaveController:InitializeInPlayer () (at ./Library/PackageCache/com.htc.upm.wave.xrsdk@dd738b632a/Runtime/ViveWaveController.cs:74)
Wave.XR.ViveWaveController:.cctor () (at ./Library/PackageCache/com.htc.upm.wave.xrsdk@dd738b632a/Runtime/ViveWaveController.cs:59)
System.Runtime.CompilerServices.RuntimeHelpers:RunClassConstructor (System.RuntimeTypeHandle)
UnityEditor.EditorAssemblies:ProcessInitializeOnLoadAttributes (System.Type[])

(Filename: ./Library/PackageCache/com.htc.upm.wave.xrsdk@dd738b632a/Runtime/ViveWaveController.cs Line: 44)

Wave.XR.ViveWaveWristTracker Initialize() RegisterLayout with interface Wrist Tracker
UnityEngine.StackTraceUtility:ExtractStackTrace ()
UnityEngine.DebugLogHandler:LogFormat (UnityEngine.LogType,UnityEngine.Object,string,object[])
UnityEngine.Logger:Log (UnityEngine.LogType,object)
UnityEngine.Debug:Log (object)
Wave.XR.ViveWaveWristTracker:DEBUG (System.Text.StringBuilder) (at ./Library/PackageCache/com.htc.upm.wave.xrsdk@dd738b632a/Runtime/ViveWaveWristTracker.cs:59)
Wave.XR.ViveWaveWristTracker:Initialize () (at ./Library/PackageCache/com.htc.upm.wave.xrsdk@dd738b632a/Runtime/ViveWaveWristTracker.cs:83)
Wave.XR.ViveWaveWristTracker:.cctor () (at ./Library/PackageCache/com.htc.upm.wave.xrsdk@dd738b632a/Runtime/ViveWaveWristTracker.cs:75)
System.Runtime.CompilerServices.RuntimeHelpers:RunClassConstructor (System.RuntimeTypeHandle)
UnityEditor.EditorAssemblies:ProcessInitializeOnLoadAttributes (System.Type[])

(Filename: ./Library/PackageCache/com.htc.upm.wave.xrsdk@dd738b632a/Runtime/ViveWaveWristTracker.cs Line: 59)

Wave.XR.ViveWaveWristTracker Initialize() Adds right ViveWaveWristTracker device Wave Tracker0
UnityEngine.StackTraceUtility:ExtractStackTrace ()
UnityEngine.DebugLogHandler:LogFormat (UnityEngine.LogType,UnityEngine.Object,string,object[])
UnityEngine.Logger:Log (UnityEngine.LogType,object)
UnityEngine.Debug:Log (object)
Wave.XR.ViveWaveWristTracker:DEBUG (System.Text.StringBuilder) (at ./Library/PackageCache/com.htc.upm.wave.xrsdk@dd738b632a/Runtime/ViveWaveWristTracker.cs:59)
Wave.XR.ViveWaveWristTracker:Initialize () (at ./Library/PackageCache/com.htc.upm.wave.xrsdk@dd738b632a/Runtime/ViveWaveWristTracker.cs:99)
Wave.XR.ViveWaveWristTracker:.cctor () (at ./Library/PackageCache/com.htc.upm.wave.xrsdk@dd738b632a/Runtime/ViveWaveWristTracker.cs:75)
System.Runtime.CompilerServices.RuntimeHelpers:RunClassConstructor (System.RuntimeTypeHandle)
UnityEditor.EditorAssemblies:ProcessInitializeOnLoadAttributes (System.Type[])

(Filename: ./Library/PackageCache/com.htc.upm.wave.xrsdk@dd738b632a/Runtime/ViveWaveWristTracker.cs Line: 59)

Wave.XR.ViveWaveWristTracker FinishSetup() deviceId: 0, IsLeft: False, interfaceName: Wrist Tracker, product: Wave Tracker0, serial: HTC-211012-Tracker0
UnityEngine.StackTraceUtility:ExtractStackTrace ()
UnityEngine.DebugLogHandler:LogFormat (UnityEngine.LogType,UnityEngine.Object,string,object[])
UnityEngine.Logger:Log (UnityEngine.LogType,object)
UnityEngine.Debug:Log (object)
Wave.XR.ViveWaveWristTracker:DEBUG (System.Text.StringBuilder) (at ./Library/PackageCache/com.htc.upm.wave.xrsdk@dd738b632a/Runtime/ViveWaveWristTracker.cs:59)
Wave.XR.ViveWaveWristTracker:FinishSetup () (at ./Library/PackageCache/com.htc.upm.wave.xrsdk@dd738b632a/Runtime/ViveWaveWristTracker.cs:132)
UnityEngine.InputSystem.InputControl:CallFinishSetupRecursive () (at ./Library/PackageCache/com.unity.inputsystem@1.7.0/InputSystem/Controls/InputControl.cs:1064)
UnityEngine.InputSystem.Layouts.InputDeviceBuilder:Setup (UnityEngine.InputSystem.Utilities.InternedString,UnityEngine.InputSystem.Utilities.InternedString,UnityEngine.InputSystem.Layouts.InputDeviceDescription) (at ./Library/PackageCache/com.unity.inputsystem@1.7.0/InputSystem/Devices/InputDeviceBuilder.cs:60)
UnityEngine.InputSystem.InputDevice:Build<UnityEngine.InputSystem.InputDevice> (string,string,UnityEngine.InputSystem.Layouts.InputDeviceDescription,bool) (at ./Library/PackageCache/com.unity.inputsystem@1.7.0/InputSystem/Devices/InputDevice.cs:955)
UnityEngine.InputSystem.InputManager:AddDevice (UnityEngine.InputSystem.Utilities.InternedString,int,string,UnityEngine.InputSystem.Layouts.InputDeviceDescription,UnityEngine.InputSystem.InputDevice/DeviceFlags,UnityEngine.InputSystem.Utilities.InternedString) (at ./Library/PackageCache/com.unity.inputsystem@1.7.0/InputSystem/InputManager.cs:1115)
UnityEngine.InputSystem.InputManager:AddDevice (UnityEngine.InputSystem.Layouts.InputDeviceDescription,bool,string,int,UnityEngine.InputSystem.InputDevice/DeviceFlags) (at ./Library/PackageCache/com.unity.inputsystem@1.7.0/InputSystem/InputManager.cs:1275)
UnityEngine.InputSystem.InputManager:AddDevice (UnityEngine.InputSystem.Layouts.InputDeviceDescription) (at ./Library/PackageCache/com.unity.inputsystem@1.7.0/InputSystem/InputManager.cs:1248)
UnityEngine.InputSystem.InputSystem:AddDevice (UnityEngine.InputSystem.Layouts.InputDeviceDescription) (at ./Library/PackageCache/com.unity.inputsystem@1.7.0/InputSystem/InputSystem.cs:1498)
Wave.XR.ViveWaveWristTracker:Initialize () (at ./Library/PackageCache/com.htc.upm.wave.xrsdk@dd738b632a/Runtime/ViveWaveWristTracker.cs:100)
Wave.XR.ViveWaveWristTracker:.cctor () (at ./Library/PackageCache/com.htc.upm.wave.xrsdk@dd738b632a/Runtime/ViveWaveWristTracker.cs:75)
System.Runtime.CompilerServices.RuntimeHelpers:RunClassConstructor (System.RuntimeTypeHandle)
UnityEditor.EditorAssemblies:ProcessInitializeOnLoadAttributes (System.Type[])

(Filename: ./Library/PackageCache/com.htc.upm.wave.xrsdk@dd738b632a/Runtime/ViveWaveWristTracker.cs Line: 59)

Wave.XR.ViveWaveWristTracker Initialize() Adds left ViveWaveWristTracker device Wave Tracker1
UnityEngine.StackTraceUtility:ExtractStackTrace ()
UnityEngine.DebugLogHandler:LogFormat (UnityEngine.LogType,UnityEngine.Object,string,object[])
UnityEngine.Logger:Log (UnityEngine.LogType,object)
UnityEngine.Debug:Log (object)
Wave.XR.ViveWaveWristTracker:DEBUG (System.Text.StringBuilder) (at ./Library/PackageCache/com.htc.upm.wave.xrsdk@dd738b632a/Runtime/ViveWaveWristTracker.cs:59)
Wave.XR.ViveWaveWristTracker:Initialize () (at ./Library/PackageCache/com.htc.upm.wave.xrsdk@dd738b632a/Runtime/ViveWaveWristTracker.cs:104)
Wave.XR.ViveWaveWristTracker:.cctor () (at ./Library/PackageCache/com.htc.upm.wave.xrsdk@dd738b632a/Runtime/ViveWaveWristTracker.cs:75)
System.Runtime.CompilerServices.RuntimeHelpers:RunClassConstructor (System.RuntimeTypeHandle)
UnityEditor.EditorAssemblies:ProcessInitializeOnLoadAttributes (System.Type[])

(Filename: ./Library/PackageCache/com.htc.upm.wave.xrsdk@dd738b632a/Runtime/ViveWaveWristTracker.cs Line: 59)

Wave.XR.ViveWaveWristTracker FinishSetup() deviceId: 0, IsLeft: True, interfaceName: Wrist Tracker, product: Wave Tracker1, serial: HTC-211012-Tracker1
UnityEngine.StackTraceUtility:ExtractStackTrace ()
UnityEngine.DebugLogHandler:LogFormat (UnityEngine.LogType,UnityEngine.Object,string,object[])
UnityEngine.Logger:Log (UnityEngine.LogType,object)
UnityEngine.Debug:Log (object)
Wave.XR.ViveWaveWristTracker:DEBUG (System.Text.StringBuilder) (at ./Library/PackageCache/com.htc.upm.wave.xrsdk@dd738b632a/Runtime/ViveWaveWristTracker.cs:59)
Wave.XR.ViveWaveWristTracker:FinishSetup () (at ./Library/PackageCache/com.htc.upm.wave.xrsdk@dd738b632a/Runtime/ViveWaveWristTracker.cs:132)
UnityEngine.InputSystem.InputControl:CallFinishSetupRecursive () (at ./Library/PackageCache/com.unity.inputsystem@1.7.0/InputSystem/Controls/InputControl.cs:1064)
UnityEngine.InputSystem.Layouts.InputDeviceBuilder:Setup (UnityEngine.InputSystem.Utilities.InternedString,UnityEngine.InputSystem.Utilities.InternedString,UnityEngine.InputSystem.Layouts.InputDeviceDescription) (at ./Library/PackageCache/com.unity.inputsystem@1.7.0/InputSystem/Devices/InputDeviceBuilder.cs:60)
UnityEngine.InputSystem.InputDevice:Build<UnityEngine.InputSystem.InputDevice> (string,string,UnityEngine.InputSystem.Layouts.InputDeviceDescription,bool) (at ./Library/PackageCache/com.unity.inputsystem@1.7.0/InputSystem/Devices/InputDevice.cs:955)
UnityEngine.InputSystem.InputManager:AddDevice (UnityEngine.InputSystem.Utilities.InternedString,int,string,UnityEngine.InputSystem.Layouts.InputDeviceDescription,UnityEngine.InputSystem.InputDevice/DeviceFlags,UnityEngine.InputSystem.Utilities.InternedString) (at ./Library/PackageCache/com.unity.inputsystem@1.7.0/InputSystem/InputManager.cs:1115)
UnityEngine.InputSystem.InputManager:AddDevice (UnityEngine.InputSystem.Layouts.InputDeviceDescription,bool,string,int,UnityEngine.InputSystem.InputDevice/DeviceFlags) (at ./Library/PackageCache/com.unity.inputsystem@1.7.0/InputSystem/InputManager.cs:1275)
UnityEngine.InputSystem.InputManager:AddDevice (UnityEngine.InputSystem.Layouts.InputDeviceDescription) (at ./Library/PackageCache/com.unity.inputsystem@1.7.0/InputSystem/InputManager.cs:1248)
UnityEngine.InputSystem.InputSystem:AddDevice (UnityEngine.InputSystem.Layouts.InputDeviceDescription) (at ./Library/PackageCache/com.unity.inputsystem@1.7.0/InputSystem/InputSystem.cs:1498)
Wave.XR.ViveWaveWristTracker:Initialize () (at ./Library/PackageCache/com.htc.upm.wave.xrsdk@dd738b632a/Runtime/ViveWaveWristTracker.cs:105)
Wave.XR.ViveWaveWristTracker:.cctor () (at ./Library/PackageCache/com.htc.upm.wave.xrsdk@dd738b632a/Runtime/ViveWaveWristTracker.cs:75)
System.Runtime.CompilerServices.RuntimeHelpers:RunClassConstructor (System.RuntimeTypeHandle)
UnityEditor.EditorAssemblies:ProcessInitializeOnLoadAttributes (System.Type[])

(Filename: ./Library/PackageCache/com.htc.upm.wave.xrsdk@dd738b632a/Runtime/ViveWaveWristTracker.cs Line: 59)

Wave.XR.ViveWaveHMD InitializeInPlayer()
UnityEngine.StackTraceUtility:ExtractStackTrace ()
UnityEngine.DebugLogHandler:LogFormat (UnityEngine.LogType,UnityEngine.Object,string,object[])
UnityEngine.Logger:Log (UnityEngine.LogType,object)
UnityEngine.Debug:Log (object)
Wave.XR.ViveWaveHMD:DEBUG (System.Text.StringBuilder) (at ./Library/PackageCache/com.htc.upm.wave.xrsdk@dd738b632a/Runtime/ViveWaveHMD.cs:44)
Wave.XR.ViveWaveHMD:InitializeInPlayer () (at ./Library/PackageCache/com.htc.upm.wave.xrsdk@dd738b632a/Runtime/ViveWaveHMD.cs:67)
Wave.XR.ViveWaveHMD:.cctor () (at ./Library/PackageCache/com.htc.upm.wave.xrsdk@dd738b632a/Runtime/ViveWaveHMD.cs:60)
System.Runtime.CompilerServices.RuntimeHelpers:RunClassConstructor (System.RuntimeTypeHandle)
UnityEditor.EditorAssemblies:ProcessInitializeOnLoadAttributes (System.Type[])

(Filename: ./Library/PackageCache/com.htc.upm.wave.xrsdk@dd738b632a/Runtime/ViveWaveHMD.cs Line: 44)

Wave.XR.ViveWaveSelfTracker Initialize() RegisterLayout with interface Self Tracker
UnityEngine.StackTraceUtility:ExtractStackTrace ()
UnityEngine.DebugLogHandler:LogFormat (UnityEngine.LogType,UnityEngine.Object,string,object[])
UnityEngine.Logger:Log (UnityEngine.LogType,object)
UnityEngine.Debug:Log (object)
Wave.XR.ViveWaveSelfTracker:DEBUG (System.Text.StringBuilder) (at ./Library/PackageCache/com.htc.upm.wave.xrsdk@dd738b632a/Runtime/ViveWaveSelfTracker.cs:57)
Wave.XR.ViveWaveSelfTracker:Initialize () (at ./Library/PackageCache/com.htc.upm.wave.xrsdk@dd738b632a/Runtime/ViveWaveSelfTracker.cs:114)
Wave.XR.ViveWaveSelfTracker:.cctor () (at ./Library/PackageCache/com.htc.upm.wave.xrsdk@dd738b632a/Runtime/ViveWaveSelfTracker.cs:106)
System.Runtime.CompilerServices.RuntimeHelpers:RunClassConstructor (System.RuntimeTypeHandle)
UnityEditor.EditorAssemblies:ProcessInitializeOnLoadAttributes (System.Type[])

(Filename: ./Library/PackageCache/com.htc.upm.wave.xrsdk@dd738b632a/Runtime/ViveWaveSelfTracker.cs Line: 57)

Wave.XR.ViveWaveSelfTracker Initialize() Adds ViveWaveSelfTracker device VIVE Ultimate Tracker 0
UnityEngine.StackTraceUtility:ExtractStackTrace ()
UnityEngine.DebugLogHandler:LogFormat (UnityEngine.LogType,UnityEngine.Object,string,object[])
UnityEngine.Logger:Log (UnityEngine.LogType,object)
UnityEngine.Debug:Log (object)
Wave.XR.ViveWaveSelfTracker:DEBUG (System.Text.StringBuilder) (at ./Library/PackageCache/com.htc.upm.wave.xrsdk@dd738b632a/Runtime/ViveWaveSelfTracker.cs:57)
Wave.XR.ViveWaveSelfTracker:Initialize () (at ./Library/PackageCache/com.htc.upm.wave.xrsdk@dd738b632a/Runtime/ViveWaveSelfTracker.cs:130)
Wave.XR.ViveWaveSelfTracker:.cctor () (at ./Library/PackageCache/com.htc.upm.wave.xrsdk@dd738b632a/Runtime/ViveWaveSelfTracker.cs:106)
System.Runtime.CompilerServices.RuntimeHelpers:RunClassConstructor (System.RuntimeTypeHandle)
UnityEditor.EditorAssemblies:ProcessInitializeOnLoadAttributes (System.Type[])

(Filename: ./Library/PackageCache/com.htc.upm.wave.xrsdk@dd738b632a/Runtime/ViveWaveSelfTracker.cs Line: 57)

Wave.XR.ViveWaveSelfTracker FinishSetup() deviceId: 0, Usage: Tracker 0, interfaceName: Self Tracker, product: VIVE Ultimate Tracker 0, serial: VIVE_Ultimate_Tracker_0
UnityEngine.StackTraceUtility:ExtractStackTrace ()
UnityEngine.DebugLogHandler:LogFormat (UnityEngine.LogType,UnityEngine.Object,string,object[])
UnityEngine.Logger:Log (UnityEngine.LogType,object)
UnityEngine.Debug:Log (object)
Wave.XR.ViveWaveSelfTracker:DEBUG (System.Text.StringBuilder) (at ./Library/PackageCache/com.htc.upm.wave.xrsdk@dd738b632a/Runtime/ViveWaveSelfTracker.cs:57)
Wave.XR.ViveWaveSelfTracker:FinishSetup () (at ./Library/PackageCache/com.htc.upm.wave.xrsdk@dd738b632a/Runtime/ViveWaveSelfTracker.cs:172)
UnityEngine.InputSystem.InputControl:CallFinishSetupRecursive () (at ./Library/PackageCache/com.unity.inputsystem@1.7.0/InputSystem/Controls/InputControl.cs:1064)
UnityEngine.InputSystem.Layouts.InputDeviceBuilder:Setup (UnityEngine.InputSystem.Utilities.InternedString,UnityEngine.InputSystem.Utilities.InternedString,UnityEngine.InputSystem.Layouts.InputDeviceDescription) (at ./Library/PackageCache/com.unity.inputsystem@1.7.0/InputSystem/Devices/InputDeviceBuilder.cs:60)
UnityEngine.InputSystem.InputDevice:Build<UnityEngine.InputSystem.InputDevice> (string,string,UnityEngine.InputSystem.Layouts.InputDeviceDescription,bool) (at ./Library/PackageCache/com.unity.inputsystem@1.7.0/InputSystem/Devices/InputDevice.cs:955)
UnityEngine.InputSystem.InputManager:AddDevice (UnityEngine.InputSystem.Utilities.InternedString,int,string,UnityEngine.InputSystem.Layouts.InputDeviceDescription,UnityEngine.InputSystem.InputDevice/DeviceFlags,UnityEngine.InputSystem.Utilities.InternedString) (at ./Library/PackageCache/com.unity.inputsystem@1.7.0/InputSystem/InputManager.cs:1115)
UnityEngine.InputSystem.InputManager:AddDevice (UnityEngine.InputSystem.Layouts.InputDeviceDescription,bool,string,int,UnityEngine.InputSystem.InputDevice/DeviceFlags) (at ./Library/PackageCache/com.unity.inputsystem@1.7.0/InputSystem/InputManager.cs:1275)
UnityEngine.InputSystem.InputManager:AddDevice (UnityEngine.InputSystem.Layouts.InputDeviceDescription) (at ./Library/PackageCache/com.unity.inputsystem@1.7.0/InputSystem/InputManager.cs:1248)
UnityEngine.InputSystem.InputSystem:AddDevice (UnityEngine.InputSystem.Layouts.InputDeviceDescription) (at ./Library/PackageCache/com.unity.inputsystem@1.7.0/InputSystem/InputSystem.cs:1498)
Wave.XR.ViveWaveSelfTracker:Initialize () (at ./Library/PackageCache/com.htc.upm.wave.xrsdk@dd738b632a/Runtime/ViveWaveSelfTracker.cs:131)
Wave.XR.ViveWaveSelfTracker:.cctor () (at ./Library/PackageCache/com.htc.upm.wave.xrsdk@dd738b632a/Runtime/ViveWaveSelfTracker.cs:106)
System.Runtime.CompilerServices.RuntimeHelpers:RunClassConstructor (System.RuntimeTypeHandle)
UnityEditor.EditorAssemblies:ProcessInitializeOnLoadAttributes (System.Type[])

(Filename: ./Library/PackageCache/com.htc.upm.wave.xrsdk@dd738b632a/Runtime/ViveWaveSelfTracker.cs Line: 57)

Wave.XR.ViveWaveSelfTracker Initialize() Adds ViveWaveSelfTracker device VIVE Ultimate Tracker 1
UnityEngine.StackTraceUtility:ExtractStackTrace ()
UnityEngine.DebugLogHandler:LogFormat (UnityEngine.LogType,UnityEngine.Object,string,object[])
UnityEngine.Logger:Log (UnityEngine.LogType,object)
UnityEngine.Debug:Log (object)
Wave.XR.ViveWaveSelfTracker:DEBUG (System.Text.StringBuilder) (at ./Library/PackageCache/com.htc.upm.wave.xrsdk@dd738b632a/Runtime/ViveWaveSelfTracker.cs:57)
Wave.XR.ViveWaveSelfTracker:Initialize () (at ./Library/PackageCache/com.htc.upm.wave.xrsdk@dd738b632a/Runtime/ViveWaveSelfTracker.cs:135)
Wave.XR.ViveWaveSelfTracker:.cctor () (at ./Library/PackageCache/com.htc.upm.wave.xrsdk@dd738b632a/Runtime/ViveWaveSelfTracker.cs:106)
System.Runtime.CompilerServices.RuntimeHelpers:RunClassConstructor (System.RuntimeTypeHandle)
UnityEditor.EditorAssemblies:ProcessInitializeOnLoadAttributes (System.Type[])

(Filename: ./Library/PackageCache/com.htc.upm.wave.xrsdk@dd738b632a/Runtime/ViveWaveSelfTracker.cs Line: 57)

Wave.XR.ViveWaveSelfTracker FinishSetup() deviceId: 0, Usage: Tracker 1, interfaceName: Self Tracker, product: VIVE Ultimate Tracker 1, serial: VIVE_Ultimate_Tracker_1
UnityEngine.StackTraceUtility:ExtractStackTrace ()
UnityEngine.DebugLogHandler:LogFormat (UnityEngine.LogType,UnityEngine.Object,string,object[])
UnityEngine.Logger:Log (UnityEngine.LogType,object)
UnityEngine.Debug:Log (object)
Wave.XR.ViveWaveSelfTracker:DEBUG (System.Text.StringBuilder) (at ./Library/PackageCache/com.htc.upm.wave.xrsdk@dd738b632a/Runtime/ViveWaveSelfTracker.cs:57)
Wave.XR.ViveWaveSelfTracker:FinishSetup () (at ./Library/PackageCache/com.htc.upm.wave.xrsdk@dd738b632a/Runtime/ViveWaveSelfTracker.cs:172)
UnityEngine.InputSystem.InputControl:CallFinishSetupRecursive () (at ./Library/PackageCache/com.unity.inputsystem@1.7.0/InputSystem/Controls/InputControl.cs:1064)
UnityEngine.InputSystem.Layouts.InputDeviceBuilder:Setup (UnityEngine.InputSystem.Utilities.InternedString,UnityEngine.InputSystem.Utilities.InternedString,UnityEngine.InputSystem.Layouts.InputDeviceDescription) (at ./Library/PackageCache/com.unity.inputsystem@1.7.0/InputSystem/Devices/InputDeviceBuilder.cs:60)
UnityEngine.InputSystem.InputDevice:Build<UnityEngine.InputSystem.InputDevice> (string,string,UnityEngine.InputSystem.Layouts.InputDeviceDescription,bool) (at ./Library/PackageCache/com.unity.inputsystem@1.7.0/InputSystem/Devices/InputDevice.cs:955)
UnityEngine.InputSystem.InputManager:AddDevice (UnityEngine.InputSystem.Utilities.InternedString,int,string,UnityEngine.InputSystem.Layouts.InputDeviceDescription,UnityEngine.InputSystem.InputDevice/DeviceFlags,UnityEngine.InputSystem.Utilities.InternedString) (at ./Library/PackageCache/com.unity.inputsystem@1.7.0/InputSystem/InputManager.cs:1115)
UnityEngine.InputSystem.InputManager:AddDevice (UnityEngine.InputSystem.Layouts.InputDeviceDescription,bool,string,int,UnityEngine.InputSystem.InputDevice/DeviceFlags) (at ./Library/PackageCache/com.unity.inputsystem@1.7.0/InputSystem/InputManager.cs:1275)
UnityEngine.InputSystem.InputManager:AddDevice (UnityEngine.InputSystem.Layouts.InputDeviceDescription) (at ./Library/PackageCache/com.unity.inputsystem@1.7.0/InputSystem/InputManager.cs:1248)
UnityEngine.InputSystem.InputSystem:AddDevice (UnityEngine.InputSystem.Layouts.InputDeviceDescription) (at ./Library/PackageCache/com.unity.inputsystem@1.7.0/InputSystem/InputSystem.cs:1498)
Wave.XR.ViveWaveSelfTracker:Initialize () (at ./Library/PackageCache/com.htc.upm.wave.xrsdk@dd738b632a/Runtime/ViveWaveSelfTracker.cs:136)
Wave.XR.ViveWaveSelfTracker:.cctor () (at ./Library/PackageCache/com.htc.upm.wave.xrsdk@dd738b632a/Runtime/ViveWaveSelfTracker.cs:106)
System.Runtime.CompilerServices.RuntimeHelpers:RunClassConstructor (System.RuntimeTypeHandle)
UnityEditor.EditorAssemblies:ProcessInitializeOnLoadAttributes (System.Type[])

(Filename: ./Library/PackageCache/com.htc.upm.wave.xrsdk@dd738b632a/Runtime/ViveWaveSelfTracker.cs Line: 57)

Wave.XR.ViveWaveSelfTracker Initialize() Adds ViveWaveSelfTracker device VIVE Ultimate Tracker 2
UnityEngine.StackTraceUtility:ExtractStackTrace ()
UnityEngine.DebugLogHandler:LogFormat (UnityEngine.LogType,UnityEngine.Object,string,object[])
UnityEngine.Logger:Log (UnityEngine.LogType,object)
UnityEngine.Debug:Log (object)
Wave.XR.ViveWaveSelfTracker:DEBUG (System.Text.StringBuilder) (at ./Library/PackageCache/com.htc.upm.wave.xrsdk@dd738b632a/Runtime/ViveWaveSelfTracker.cs:57)
Wave.XR.ViveWaveSelfTracker:Initialize () (at ./Library/PackageCache/com.htc.upm.wave.xrsdk@dd738b632a/Runtime/ViveWaveSelfTracker.cs:140)
Wave.XR.ViveWaveSelfTracker:.cctor () (at ./Library/PackageCache/com.htc.upm.wave.xrsdk@dd738b632a/Runtime/ViveWaveSelfTracker.cs:106)
System.Runtime.CompilerServices.RuntimeHelpers:RunClassConstructor (System.RuntimeTypeHandle)
UnityEditor.EditorAssemblies:ProcessInitializeOnLoadAttributes (System.Type[])

(Filename: ./Library/PackageCache/com.htc.upm.wave.xrsdk@dd738b632a/Runtime/ViveWaveSelfTracker.cs Line: 57)

Wave.XR.ViveWaveSelfTracker FinishSetup() deviceId: 0, Usage: Tracker 2, interfaceName: Self Tracker, product: VIVE Ultimate Tracker 2, serial: VIVE_Ultimate_Tracker_2
UnityEngine.StackTraceUtility:ExtractStackTrace ()
UnityEngine.DebugLogHandler:LogFormat (UnityEngine.LogType,UnityEngine.Object,string,object[])
UnityEngine.Logger:Log (UnityEngine.LogType,object)
UnityEngine.Debug:Log (object)
Wave.XR.ViveWaveSelfTracker:DEBUG (System.Text.StringBuilder) (at ./Library/PackageCache/com.htc.upm.wave.xrsdk@dd738b632a/Runtime/ViveWaveSelfTracker.cs:57)
Wave.XR.ViveWaveSelfTracker:FinishSetup () (at ./Library/PackageCache/com.htc.upm.wave.xrsdk@dd738b632a/Runtime/ViveWaveSelfTracker.cs:172)
UnityEngine.InputSystem.InputControl:CallFinishSetupRecursive () (at ./Library/PackageCache/com.unity.inputsystem@1.7.0/InputSystem/Controls/InputControl.cs:1064)
UnityEngine.InputSystem.Layouts.InputDeviceBuilder:Setup (UnityEngine.InputSystem.Utilities.InternedString,UnityEngine.InputSystem.Utilities.InternedString,UnityEngine.InputSystem.Layouts.InputDeviceDescription) (at ./Library/PackageCache/com.unity.inputsystem@1.7.0/InputSystem/Devices/InputDeviceBuilder.cs:60)
UnityEngine.InputSystem.InputDevice:Build<UnityEngine.InputSystem.InputDevice> (string,string,UnityEngine.InputSystem.Layouts.InputDeviceDescription,bool) (at ./Library/PackageCache/com.unity.inputsystem@1.7.0/InputSystem/Devices/InputDevice.cs:955)
UnityEngine.InputSystem.InputManager:AddDevice (UnityEngine.InputSystem.Utilities.InternedString,int,string,UnityEngine.InputSystem.Layouts.InputDeviceDescription,UnityEngine.InputSystem.InputDevice/DeviceFlags,UnityEngine.InputSystem.Utilities.InternedString) (at ./Library/PackageCache/com.unity.inputsystem@1.7.0/InputSystem/InputManager.cs:1115)
UnityEngine.InputSystem.InputManager:AddDevice (UnityEngine.InputSystem.Layouts.InputDeviceDescription,bool,string,int,UnityEngine.InputSystem.InputDevice/DeviceFlags) (at ./Library/PackageCache/com.unity.inputsystem@1.7.0/InputSystem/InputManager.cs:1275)
UnityEngine.InputSystem.InputManager:AddDevice (UnityEngine.InputSystem.Layouts.InputDeviceDescription) (at ./Library/PackageCache/com.unity.inputsystem@1.7.0/InputSystem/InputManager.cs:1248)
UnityEngine.InputSystem.InputSystem:AddDevice (UnityEngine.InputSystem.Layouts.InputDeviceDescription) (at ./Library/PackageCache/com.unity.inputsystem@1.7.0/InputSystem/InputSystem.cs:1498)
Wave.XR.ViveWaveSelfTracker:Initialize () (at ./Library/PackageCache/com.htc.upm.wave.xrsdk@dd738b632a/Runtime/ViveWaveSelfTracker.cs:141)
Wave.XR.ViveWaveSelfTracker:.cctor () (at ./Library/PackageCache/com.htc.upm.wave.xrsdk@dd738b632a/Runtime/ViveWaveSelfTracker.cs:106)
System.Runtime.CompilerServices.RuntimeHelpers:RunClassConstructor (System.RuntimeTypeHandle)
UnityEditor.EditorAssemblies:ProcessInitializeOnLoadAttributes (System.Type[])

(Filename: ./Library/PackageCache/com.htc.upm.wave.xrsdk@dd738b632a/Runtime/ViveWaveSelfTracker.cs Line: 57)

Wave.XR.ViveWaveSelfTracker Initialize() Adds ViveWaveSelfTracker device VIVE Ultimate Tracker 3
UnityEngine.StackTraceUtility:ExtractStackTrace ()
UnityEngine.DebugLogHandler:LogFormat (UnityEngine.LogType,UnityEngine.Object,string,object[])
UnityEngine.Logger:Log (UnityEngine.LogType,object)
UnityEngine.Debug:Log (object)
Wave.XR.ViveWaveSelfTracker:DEBUG (System.Text.StringBuilder) (at ./Library/PackageCache/com.htc.upm.wave.xrsdk@dd738b632a/Runtime/ViveWaveSelfTracker.cs:57)
Wave.XR.ViveWaveSelfTracker:Initialize () (at ./Library/PackageCache/com.htc.upm.wave.xrsdk@dd738b632a/Runtime/ViveWaveSelfTracker.cs:145)
Wave.XR.ViveWaveSelfTracker:.cctor () (at ./Library/PackageCache/com.htc.upm.wave.xrsdk@dd738b632a/Runtime/ViveWaveSelfTracker.cs:106)
System.Runtime.CompilerServices.RuntimeHelpers:RunClassConstructor (System.RuntimeTypeHandle)
UnityEditor.EditorAssemblies:ProcessInitializeOnLoadAttributes (System.Type[])

(Filename: ./Library/PackageCache/com.htc.upm.wave.xrsdk@dd738b632a/Runtime/ViveWaveSelfTracker.cs Line: 57)

Wave.XR.ViveWaveSelfTracker FinishSetup() deviceId: 0, Usage: Tracker 3, interfaceName: Self Tracker, product: VIVE Ultimate Tracker 3, serial: VIVE_Ultimate_Tracker_3
UnityEngine.StackTraceUtility:ExtractStackTrace ()
UnityEngine.DebugLogHandler:LogFormat (UnityEngine.LogType,UnityEngine.Object,string,object[])
UnityEngine.Logger:Log (UnityEngine.LogType,object)
UnityEngine.Debug:Log (object)
Wave.XR.ViveWaveSelfTracker:DEBUG (System.Text.StringBuilder) (at ./Library/PackageCache/com.htc.upm.wave.xrsdk@dd738b632a/Runtime/ViveWaveSelfTracker.cs:57)
Wave.XR.ViveWaveSelfTracker:FinishSetup () (at ./Library/PackageCache/com.htc.upm.wave.xrsdk@dd738b632a/Runtime/ViveWaveSelfTracker.cs:172)
UnityEngine.InputSystem.InputControl:CallFinishSetupRecursive () (at ./Library/PackageCache/com.unity.inputsystem@1.7.0/InputSystem/Controls/InputControl.cs:1064)
UnityEngine.InputSystem.Layouts.InputDeviceBuilder:Setup (UnityEngine.InputSystem.Utilities.InternedString,UnityEngine.InputSystem.Utilities.InternedString,UnityEngine.InputSystem.Layouts.InputDeviceDescription) (at ./Library/PackageCache/com.unity.inputsystem@1.7.0/InputSystem/Devices/InputDeviceBuilder.cs:60)
UnityEngine.InputSystem.InputDevice:Build<UnityEngine.InputSystem.InputDevice> (string,string,UnityEngine.InputSystem.Layouts.InputDeviceDescription,bool) (at ./Library/PackageCache/com.unity.inputsystem@1.7.0/InputSystem/Devices/InputDevice.cs:955)
UnityEngine.InputSystem.InputManager:AddDevice (UnityEngine.InputSystem.Utilities.InternedString,int,string,UnityEngine.InputSystem.Layouts.InputDeviceDescription,UnityEngine.InputSystem.InputDevice/DeviceFlags,UnityEngine.InputSystem.Utilities.InternedString) (at ./Library/PackageCache/com.unity.inputsystem@1.7.0/InputSystem/InputManager.cs:1115)
UnityEngine.InputSystem.InputManager:AddDevice (UnityEngine.InputSystem.Layouts.InputDeviceDescription,bool,string,int,UnityEngine.InputSystem.InputDevice/DeviceFlags) (at ./Library/PackageCache/com.unity.inputsystem@1.7.0/InputSystem/InputManager.cs:1275)
UnityEngine.InputSystem.InputManager:AddDevice (UnityEngine.InputSystem.Layouts.InputDeviceDescription) (at ./Library/PackageCache/com.unity.inputsystem@1.7.0/InputSystem/InputManager.cs:1248)
UnityEngine.InputSystem.InputSystem:AddDevice (UnityEngine.InputSystem.Layouts.InputDeviceDescription) (at ./Library/PackageCache/com.unity.inputsystem@1.7.0/InputSystem/InputSystem.cs:1498)
Wave.XR.ViveWaveSelfTracker:Initialize () (at ./Library/PackageCache/com.htc.upm.wave.xrsdk@dd738b632a/Runtime/ViveWaveSelfTracker.cs:146)
Wave.XR.ViveWaveSelfTracker:.cctor () (at ./Library/PackageCache/com.htc.upm.wave.xrsdk@dd738b632a/Runtime/ViveWaveSelfTracker.cs:106)
System.Runtime.CompilerServices.RuntimeHelpers:RunClassConstructor (System.RuntimeTypeHandle)
UnityEditor.EditorAssemblies:ProcessInitializeOnLoadAttributes (System.Type[])

(Filename: ./Library/PackageCache/com.htc.upm.wave.xrsdk@dd738b632a/Runtime/ViveWaveSelfTracker.cs Line: 57)

Wave.XR.ViveWaveSelfTracker Initialize() Adds ViveWaveSelfTracker device VIVE Ultimate Tracker 4
UnityEngine.StackTraceUtility:ExtractStackTrace ()
UnityEngine.DebugLogHandler:LogFormat (UnityEngine.LogType,UnityEngine.Object,string,object[])
UnityEngine.Logger:Log (UnityEngine.LogType,object)
UnityEngine.Debug:Log (object)
Wave.XR.ViveWaveSelfTracker:DEBUG (System.Text.StringBuilder) (at ./Library/PackageCache/com.htc.upm.wave.xrsdk@dd738b632a/Runtime/ViveWaveSelfTracker.cs:57)
Wave.XR.ViveWaveSelfTracker:Initialize () (at ./Library/PackageCache/com.htc.upm.wave.xrsdk@dd738b632a/Runtime/ViveWaveSelfTracker.cs:150)
Wave.XR.ViveWaveSelfTracker:.cctor () (at ./Library/PackageCache/com.htc.upm.wave.xrsdk@dd738b632a/Runtime/ViveWaveSelfTracker.cs:106)
System.Runtime.CompilerServices.RuntimeHelpers:RunClassConstructor (System.RuntimeTypeHandle)
UnityEditor.EditorAssemblies:ProcessInitializeOnLoadAttributes (System.Type[])

(Filename: ./Library/PackageCache/com.htc.upm.wave.xrsdk@dd738b632a/Runtime/ViveWaveSelfTracker.cs Line: 57)

Wave.XR.ViveWaveSelfTracker FinishSetup() deviceId: 0, Usage: Tracker 4, interfaceName: Self Tracker, product: VIVE Ultimate Tracker 4, serial: VIVE_Ultimate_Tracker_4
UnityEngine.StackTraceUtility:ExtractStackTrace ()
UnityEngine.DebugLogHandler:LogFormat (UnityEngine.LogType,UnityEngine.Object,string,object[])
UnityEngine.Logger:Log (UnityEngine.LogType,object)
UnityEngine.Debug:Log (object)
Wave.XR.ViveWaveSelfTracker:DEBUG (System.Text.StringBuilder) (at ./Library/PackageCache/com.htc.upm.wave.xrsdk@dd738b632a/Runtime/ViveWaveSelfTracker.cs:57)
Wave.XR.ViveWaveSelfTracker:FinishSetup () (at ./Library/PackageCache/com.htc.upm.wave.xrsdk@dd738b632a/Runtime/ViveWaveSelfTracker.cs:172)
UnityEngine.InputSystem.InputControl:CallFinishSetupRecursive () (at ./Library/PackageCache/com.unity.inputsystem@1.7.0/InputSystem/Controls/InputControl.cs:1064)
UnityEngine.InputSystem.Layouts.InputDeviceBuilder:Setup (UnityEngine.InputSystem.Utilities.InternedString,UnityEngine.InputSystem.Utilities.InternedString,UnityEngine.InputSystem.Layouts.InputDeviceDescription) (at ./Library/PackageCache/com.unity.inputsystem@1.7.0/InputSystem/Devices/InputDeviceBuilder.cs:60)
UnityEngine.InputSystem.InputDevice:Build<UnityEngine.InputSystem.InputDevice> (string,string,UnityEngine.InputSystem.Layouts.InputDeviceDescription,bool) (at ./Library/PackageCache/com.unity.inputsystem@1.7.0/InputSystem/Devices/InputDevice.cs:955)
UnityEngine.InputSystem.InputManager:AddDevice (UnityEngine.InputSystem.Utilities.InternedString,int,string,UnityEngine.InputSystem.Layouts.InputDeviceDescription,UnityEngine.InputSystem.InputDevice/DeviceFlags,UnityEngine.InputSystem.Utilities.InternedString) (at ./Library/PackageCache/com.unity.inputsystem@1.7.0/InputSystem/InputManager.cs:1115)
UnityEngine.InputSystem.InputManager:AddDevice (UnityEngine.InputSystem.Layouts.InputDeviceDescription,bool,string,int,UnityEngine.InputSystem.InputDevice/DeviceFlags) (at ./Library/PackageCache/com.unity.inputsystem@1.7.0/InputSystem/InputManager.cs:1275)
UnityEngine.InputSystem.InputManager:AddDevice (UnityEngine.InputSystem.Layouts.InputDeviceDescription) (at ./Library/PackageCache/com.unity.inputsystem@1.7.0/InputSystem/InputManager.cs:1248)
UnityEngine.InputSystem.InputSystem:AddDevice (UnityEngine.InputSystem.Layouts.InputDeviceDescription) (at ./Library/PackageCache/com.unity.inputsystem@1.7.0/InputSystem/InputSystem.cs:1498)
Wave.XR.ViveWaveSelfTracker:Initialize () (at ./Library/PackageCache/com.htc.upm.wave.xrsdk@dd738b632a/Runtime/ViveWaveSelfTracker.cs:151)
Wave.XR.ViveWaveSelfTracker:.cctor () (at ./Library/PackageCache/com.htc.upm.wave.xrsdk@dd738b632a/Runtime/ViveWaveSelfTracker.cs:106)
System.Runtime.CompilerServices.RuntimeHelpers:RunClassConstructor (System.RuntimeTypeHandle)
UnityEditor.EditorAssemblies:ProcessInitializeOnLoadAttributes (System.Type[])

(Filename: ./Library/PackageCache/com.htc.upm.wave.xrsdk@dd738b632a/Runtime/ViveWaveSelfTracker.cs Line: 57)

[MODES] ModeService[none].Initialize
[MODES] ModeService[none].LoadModes
[MODES] Loading mode Default (0) for mode-current-id-ChariteVRv4
PackageInfo()
UnityEngine.StackTraceUtility:ExtractStackTrace ()
UnityEngine.DebugLogHandler:LogFormat (UnityEngine.LogType,UnityEngine.Object,string,object[])
UnityEngine.Logger:Log (UnityEngine.LogType,object)
UnityEngine.Debug:Log (object)
Wave.Essence.Editor.PackageInfo:.cctor () (at ./Library/PackageCache/com.htc.upm.wave.essence@dd738b632a/Editor/EssenceSettingsProvider.cs:1315)
System.Runtime.CompilerServices.RuntimeHelpers:RunClassConstructor (System.RuntimeTypeHandle)
UnityEditor.EditorAssemblies:ProcessInitializeOnLoadAttributes (System.Type[])

(Filename: ./Library/PackageCache/com.htc.upm.wave.essence@dd738b632a/Editor/EssenceSettingsProvider.cs Line: 1315)

[Package Manager] Server::EnsureServerProcessIsRunning -- launch failed, reason: Unity was launched with the -noUpm command-line argument
[Package Manager] UpmClient::Send -- Unable to send message (not connected to UPM process).
[Package Manager] Cannot connect to Unity Package Manager local server
InteractionModeManagerSettings() registered EditorSceneManager.sceneOpened.
UnityEngine.StackTraceUtility:ExtractStackTrace ()
UnityEngine.DebugLogHandler:LogFormat (UnityEngine.LogType,UnityEngine.Object,string,object[])
UnityEngine.Logger:Log (UnityEngine.LogType,object)
UnityEngine.Debug:Log (object)
Wave.Essence.Interaction.Mode.Editor.InteractionModeManagerSettings:.cctor () (at D:/Propädeutikum Hottong 2023/ChariteVRv2/VRMultiUser/ChariteVRv4/Assets/Wave/Essence/Interaction/Mode/6.0.0-r.14/Editor/InteractionModeManagerEditor.cs:57)
System.Runtime.CompilerServices.RuntimeHelpers:RunClassConstructor (System.RuntimeTypeHandle)
UnityEditor.EditorAssemblies:ProcessInitializeOnLoadAttributes (System.Type[])

(Filename: D:/Propädeutikum Hottong 2023/ChariteVRv2/VRMultiUser/ChariteVRv4/Assets/Wave/Essence/Interaction/Mode/6.0.0-r.14/Editor/InteractionModeManagerEditor.cs Line: 57)

System.Reflection.TargetInvocationException: Exception has been thrown by the target of an invocation. ---> System.NullReferenceException: Object reference not set to an instance of an object
  at Unity.XR.Oculus.OculusLoader.AssetPathToAbsolutePath (System.String assetPath) [0x0003d] in .\Library\PackageCache\com.unity.xr.oculus@4.2.0\Runtime\OculusLoader.cs:298 
  at Unity.XR.Oculus.OculusLoader.EditorLoadOVRPlugin () [0x0008c] in .\Library\PackageCache\com.unity.xr.oculus@4.2.0\Runtime\OculusLoader.cs:283 
  at (wrapper managed-to-native) System.Reflection.RuntimeMethodInfo.InternalInvoke(System.Reflection.RuntimeMethodInfo,object,object[],System.Exception&)
  at System.Reflection.RuntimeMethodInfo.Invoke (System.Object obj, System.Reflection.BindingFlags invokeAttr, System.Reflection.Binder binder, System.Object[] parameters, System.Globalization.CultureInfo culture) [0x0006a] in <b11ba2a8fbf24f219f7cc98532a11304>:0 
   --- End of inner exception stack trace ---
  at System.Reflection.RuntimeMethodInfo.Invoke (System.Object obj, System.Reflection.BindingFlags invokeAttr, System.Reflection.Binder binder, System.Object[] parameters, System.Globalization.CultureInfo culture) [0x00083] in <b11ba2a8fbf24f219f7cc98532a11304>:0 
  at System.Reflection.MethodBase.Invoke (System.Object obj, System.Object[] parameters) [0x00000] in <b11ba2a8fbf24f219f7cc98532a11304>:0 
  at UnityEditor.EditorAssemblies.ProcessInitializeOnLoadMethodAttributes () [0x000a5] in <fa3f61a6dce8479c85ca5d90a86ee19e>:0 
UnityEngine.StackTraceUtility:ExtractStackTrace ()
UnityEngine.DebugLogHandler:LogFormat (UnityEngine.LogType,UnityEngine.Object,string,object[])
UnityEngine.Logger:Log (UnityEngine.LogType,object)
UnityEngine.Debug:LogError (object)
UnityEditor.EditorAssemblies:ProcessInitializeOnLoadMethodAttributes ()

Mirror | mirror-networking.com | discord.gg/N9QVxbM
UnityEngine.StackTraceUtility:ExtractStackTrace ()
UnityEngine.DebugLogHandler:LogFormat (UnityEngine.LogType,UnityEngine.Object,string,object[])
UnityEngine.Logger:Log (UnityEngine.LogType,object)
UnityEngine.Debug:Log (object)
Mirror.Welcome:OnInitializeOnLoad () (at D:/Propädeutikum Hottong 2023/ChariteVRv2/VRMultiUser/ChariteVRv4/Assets/Mirror/Editor/Welcome.cs:18)
System.Reflection.RuntimeMethodInfo:Invoke (object,System.Reflection.BindingFlags,System.Reflection.Binder,object[],System.Globalization.CultureInfo)
System.Reflection.MethodBase:Invoke (object,object[])
UnityEditor.EditorAssemblies:ProcessInitializeOnLoadMethodAttributes ()

(Filename: D:/Propädeutikum Hottong 2023/ChariteVRv2/VRMultiUser/ChariteVRv4/Assets/Mirror/Editor/Welcome.cs Line: 18)

Mono: successfully reloaded assembly
[Package Manager] Server::EnsureServerProcessIsRunning -- launch failed, reason: Unity was launched with the -noUpm command-line argument
[Package Manager] UpmClient::Send -- Unable to send message (not connected to UPM process).
[Package Manager] Cannot connect to Unity Package Manager local server
[Package Manager] Server::EnsureServerProcessIsRunning -- launch failed, reason: Unity was launched with the -noUpm command-line argument
[Package Manager] UpmClient::Send -- Unable to send message (not connected to UPM process).
[Package Manager] Cannot connect to Unity Package Manager local server
- Finished resetting the current domain, in  1.212 seconds
Domain Reload Profiling: 14383ms
	BeginReloadAssembly (188ms)
		ExecutionOrderSort (0ms)
		DisableScriptedObjects (7ms)
		BackupInstance (0ms)
		ReleaseScriptingObjects (0ms)
		CreateAndSetChildDomain (27ms)
	RebuildCommonClasses (44ms)
	RebuildNativeTypeToScriptingClass (13ms)
	initialDomainReloadingComplete (59ms)
	LoadAllAssembliesAndSetupDomain (12865ms)
		LoadAssemblies (12086ms)
		RebuildTransferFunctionScriptingTraits (0ms)
		AnalyzeDomain (891ms)
			TypeCache.Refresh (810ms)
				TypeCache.ScanAssembly (741ms)
			ScanForSourceGeneratedMonoScriptInfo (51ms)
			ResolveRequiredComponents (23ms)
	FinalizeReload (1213ms)
		ReleaseScriptCaches (0ms)
		RebuildScriptCaches (0ms)
		SetupLoadedEditorAssemblies (952ms)
			LogAssemblyErrors (0ms)
			InitializePlatformSupportModulesInManaged (29ms)
			SetLoadedEditorAssemblies (5ms)
			RefreshPlugins (0ms)
			BeforeProcessingInitializeOnLoad (121ms)
			ProcessInitializeOnLoadAttributes (652ms)
			ProcessInitializeOnLoadMethodAttributes (135ms)
			AfterProcessingInitializeOnLoad (11ms)
			EditorAssembliesLoaded (0ms)
		ExecutionOrderSort2 (0ms)
		AwakeInstancesAfterBackupRestoration (8ms)
Launched and connected shader compiler UnityShaderCompiler.exe after 0.08 seconds
Refreshing native plugins compatible for Editor in 25.95 ms, found 41 plugins.
Preloading 1 native plugins for Editor in 0.06 ms.
Unloading 7504 Unused Serialized files (Serialized files now loaded: 0)
Unloading 152 unused Assets / (0.8 MB). Loaded Objects now: 7954.
Memory consumption went from 274.1 MB to 273.3 MB.
Total: 7.627100 ms (FindLiveObjects: 0.841000 ms CreateObjectMapping: 0.266900 ms MarkObjects: 5.853900 ms  DeleteObjects: 0.663900 ms)

AssetImportParameters requested are different than current active one (requested -> active):
  custom:container-demuxer-ogg: 62fdf1f143b41e24485cea50d1cbac27 -> 
  custom:scripting/monoscript/fileName/WVR_DirectPreview.cs: 647d3c0394832ae1e28124bc44491e49 -> 
  custom:framework-win-MediaFoundation: 216162199b28c13a410421893ffa2e32 -> 
  custom:scripting/monoscript/fileName/DirectPreviewRender.cs: 3af3a58a94a27efec630097918246298 -> 
  custom:container-muxer-webm: aa71ff27fc2769a1b78a27578f13a17b -> 
  custom:video-decoder-webm-vp8: 9c59270c3fd7afecdb556c50c9e8de78 -> 
  custom:SearchIndexIgnoredProperties: e643bd26f0fe6173181afceb89e7c659 -> 
  custom:AudioImporter_EditorPlatform: d09bf68614088b80899f8185d706f6e7 -> 
  custom:audio-decoder-ogg-vorbis: bf7c407c2cedff20999df2af8eb42d56 -> 
  custom:audio-encoder-webm-vorbis: bf7c407c2cedff20999df2af8eb42d56 -> 
  custom:video-codec-MediaFoundation-h265: 746d11721c4dcdbdad8f713fa42b33f4 -> 
  custom:video-decoder-ogg-theora: a1e56fd34408186e4bbccfd4996cb3dc -> 
  custom:CustomObjectIndexerAttribute: 72b91833f83ae208fae7752999fa3104 -> 
  custom:container-demuxer-webm: 4f35f7cbe854078d1ac9338744f61a02 -> 
  custom:video-encoder-webm-vp8: eb34c28f22e8b96e1ab97ce403110664 -> 
  custom:scripting/monoscript/fileName/DirectPreviewCore.cs: d5a0a607923ee0e8e3b9ed5fa5337bea -> 
========================================================================
Received Import Request.
  Time since last request: 354612.796762 seconds.
  path: Assets/SteamVR/InteractionSystem/Longbow/Sounds/ArrowAir03.wav
  artifactKey: Guid(efee776e88902a74684c56ce2962678f) Importer(815301076,1909f56bfc062723c751e8b465ee728b)
Start importing Assets/SteamVR/InteractionSystem/Longbow/Sounds/ArrowAir03.wav using Guid(efee776e88902a74684c56ce2962678f) Importer(815301076,1909f56bfc062723c751e8b465ee728b)  -> (artifact id: '5ddac587cc7fddda4352f82c0c51a7ae') in 0.096021 seconds
Number of updated asset objects reloaded before import = 0
Number of asset objects unloaded after import = 2
========================================================================
Received Import Request.
  Time since last request: 0.000045 seconds.
  path: Assets/SteamVR/InteractionSystem/Samples/Models/Wall.prefab
  artifactKey: Guid(4f8a76d2be4d1cb40a9aa32921fcb73c) Importer(815301076,1909f56bfc062723c751e8b465ee728b)
Start importing Assets/SteamVR/InteractionSystem/Samples/Models/Wall.prefab using Guid(4f8a76d2be4d1cb40a9aa32921fcb73c) Importer(815301076,1909f56bfc062723c751e8b465ee728b)  -> (artifact id: '1a395f5ae35a3f2bde4e5fe6c1608369') in 0.225648 seconds
Number of updated asset objects reloaded before import = 0
Number of asset objects unloaded after import = 12
========================================================================
Received Import Request.
  Time since last request: 0.000025 seconds.
  path: Assets/SteamVR/InteractionSystem/Longbow/Textures/ArrowAmbientOcclusion.png
  artifactKey: Guid(27df4f73a506cc94d99cc2e0c71966a6) Importer(815301076,1909f56bfc062723c751e8b465ee728b)
Start importing Assets/SteamVR/InteractionSystem/Longbow/Textures/ArrowAmbientOcclusion.png using Guid(27df4f73a506cc94d99cc2e0c71966a6) Importer(815301076,1909f56bfc062723c751e8b465ee728b)  -> (artifact id: 'ba1fc79242200afd0b55b25441877bc2') in 0.026314 seconds
Number of updated asset objects reloaded before import = 0
Number of asset objects unloaded after import = 2
========================================================================
Received Import Request.
  Time since last request: 0.000032 seconds.
  path: Assets/SteamVR/InteractionSystem/Samples/Prefabs/ThrowableBall.prefab
  artifactKey: Guid(e0b086fbb874df143b6ac8f53cea5424) Importer(815301076,1909f56bfc062723c751e8b465ee728b)
Start importing Assets/SteamVR/InteractionSystem/Samples/Prefabs/ThrowableBall.prefab using Guid(e0b086fbb874df143b6ac8f53cea5424) Importer(815301076,1909f56bfc062723c751e8b465ee728b) Refreshing native plugins compatible for Editor in 26.49 ms, found 41 plugins.
Preloading 1 native plugins for Editor in 0.06 ms.
 -> (artifact id: 'af96545a851573712bac16dbfc963b06') in 0.652143 seconds
Number of updated asset objects reloaded before import = 0
Number of asset objects unloaded after import = 304
========================================================================
Received Import Request.
  Time since last request: 191.243891 seconds.
  path: Assets/SteamVR/Prefabs/[CameraRig].prefab
  artifactKey: Guid(4d293c8e162f3874b982baadd71153d2) Importer(815301076,1909f56bfc062723c751e8b465ee728b)
Start importing Assets/SteamVR/Prefabs/[CameraRig].prefab using Guid(4d293c8e162f3874b982baadd71153d2) Importer(815301076,1909f56bfc062723c751e8b465ee728b)  -> (artifact id: '11155cb2841e338cfa016a61e9ad93c3') in 0.013443 seconds
Number of updated asset objects reloaded before import = 0
Number of asset objects unloaded after import = 24
========================================================================
Received Import Request.
  Time since last request: 0.001798 seconds.
  path: Assets/Samples/XR Interaction Toolkit/2.5.4/XR Device Simulator/UI/ControllerDevice/ControllerOverlayLinesRight.png
  artifactKey: Guid(310ef0f38fe364cc986d05acdbdf1183) Importer(815301076,1909f56bfc062723c751e8b465ee728b)
Start importing Assets/Samples/XR Interaction Toolkit/2.5.4/XR Device Simulator/UI/ControllerDevice/ControllerOverlayLinesRight.png using Guid(310ef0f38fe364cc986d05acdbdf1183) Importer(815301076,1909f56bfc062723c751e8b465ee728b)  -> (artifact id: 'c8fcf93faf2227adb077027ee8dc20ba') in 0.031375 seconds
Number of updated asset objects reloaded before import = 0
Number of asset objects unloaded after import = 3
========================================================================
Received Import Request.
  Time since last request: 0.000023 seconds.
  path: Assets/Samples/XR Interaction Toolkit/2.5.4/XR Device Simulator/UI/ControllerDevice/ControllerRight.png
  artifactKey: Guid(17c263f6077f14b218b13656aacd9551) Importer(815301076,1909f56bfc062723c751e8b465ee728b)
Start importing Assets/Samples/XR Interaction Toolkit/2.5.4/XR Device Simulator/UI/ControllerDevice/ControllerRight.png using Guid(17c263f6077f14b218b13656aacd9551) Importer(815301076,1909f56bfc062723c751e8b465ee728b)  -> (artifact id: '7164569ba4e9968c57e4bf0e78290fd3') in 0.021923 seconds
Number of updated asset objects reloaded before import = 0
Number of asset objects unloaded after import = 3
========================================================================
Received Import Request.
  Time since last request: 0.000021 seconds.
  path: Assets/SteamVR/Models/Materials/knuckles_right.mat
  artifactKey: Guid(dc89eae32e82ada4b873dd07678c67e8) Importer(815301076,1909f56bfc062723c751e8b465ee728b)
Start importing Assets/SteamVR/Models/Materials/knuckles_right.mat using Guid(dc89eae32e82ada4b873dd07678c67e8) Importer(815301076,1909f56bfc062723c751e8b465ee728b)  -> (artifact id: 'cd62a30456e7dbbe86927278c6e28fc9') in 0.031955 seconds
Number of updated asset objects reloaded before import = 0
Number of asset objects unloaded after import = 1
========================================================================
Received Import Request.
  Time since last request: 0.000032 seconds.
  path: Assets/Wave/Essence/Controller/Model/6.0.0-r.14/Demo/Materials/RightColor.mat
  artifactKey: Guid(dcdadbacafa16c74f95ba44d083967fc) Importer(815301076,1909f56bfc062723c751e8b465ee728b)
Start importing Assets/Wave/Essence/Controller/Model/6.0.0-r.14/Demo/Materials/RightColor.mat using Guid(dcdadbacafa16c74f95ba44d083967fc) Importer(815301076,1909f56bfc062723c751e8b465ee728b)  -> (artifact id: '41a60bd9d918296769a193ee8a11baaf') in 0.014668 seconds
Number of updated asset objects reloaded before import = 0
Number of asset objects unloaded after import = 1
========================================================================
Received Import Request.
  Time since last request: 0.000037 seconds.
  path: Assets/Wave/Essence/Hand/Model/6.0.0-r.14/Resources/Materials/HandMatRight.mat
  artifactKey: Guid(68f46279552dd914784cc5edae6479b8) Importer(815301076,1909f56bfc062723c751e8b465ee728b)
Start importing Assets/Wave/Essence/Hand/Model/6.0.0-r.14/Resources/Materials/HandMatRight.mat using Guid(68f46279552dd914784cc5edae6479b8) Importer(815301076,1909f56bfc062723c751e8b465ee728b)  -> (artifact id: '9e3e1f202f9aef92eb38865d997c4f7c') in 0.101029 seconds
Number of updated asset objects reloaded before import = 0
Number of asset objects unloaded after import = 2
========================================================================
Received Import Request.
  Time since last request: 0.000022 seconds.
  path: Assets/Samples/XR Interaction Toolkit/2.5.4/Starter Assets/Prefabs/XR Origin (XR Rig).prefab
  artifactKey: Guid(f6336ac4ac8b4d34bc5072418cdc62a0) Importer(815301076,1909f56bfc062723c751e8b465ee728b)
Start importing Assets/Samples/XR Interaction Toolkit/2.5.4/Starter Assets/Prefabs/XR Origin (XR Rig).prefab using Guid(f6336ac4ac8b4d34bc5072418cdc62a0) Importer(815301076,1909f56bfc062723c751e8b465ee728b)  -> (artifact id: '8a6f222028ce56556f0b4d30c98661da') in 0.118311 seconds
Number of updated asset objects reloaded before import = 0
Number of asset objects unloaded after import = 459
========================================================================
Received Import Request.
  Time since last request: 0.000025 seconds.
  path: Assets/SteamVR/InteractionSystem/Core/Prefabs/RightRenderModel.prefab
  artifactKey: Guid(d07386f0ec952ec409dc7753bcf5746b) Importer(815301076,1909f56bfc062723c751e8b465ee728b)
Start importing Assets/SteamVR/InteractionSystem/Core/Prefabs/RightRenderModel.prefab using Guid(d07386f0ec952ec409dc7753bcf5746b) Importer(815301076,1909f56bfc062723c751e8b465ee728b)  -> (artifact id: 'eb40a0a75a3334a71ea5b3e00d4f7ab5') in 0.007263 seconds
Number of updated asset objects reloaded before import = 0
Number of asset objects unloaded after import = 88
========================================================================
Received Import Request.
  Time since last request: 0.000035 seconds.
  path: Assets/SteamVR/InteractionSystem/Teleport/Materials/TeleportAreaHighlightedBright.mat
  artifactKey: Guid(5f649883aab635740a41d91edf1080a4) Importer(815301076,1909f56bfc062723c751e8b465ee728b)
Start importing Assets/SteamVR/InteractionSystem/Teleport/Materials/TeleportAreaHighlightedBright.mat using Guid(5f649883aab635740a41d91edf1080a4) Importer(815301076,1909f56bfc062723c751e8b465ee728b)  -> (artifact id: '99dbcb00faacd9aa928d9383330b7e26') in 0.079326 seconds
Number of updated asset objects reloaded before import = 0
Number of asset objects unloaded after import = 2
========================================================================
Received Import Request.
  Time since last request: 0.000024 seconds.
  path: Assets/SteamVR/Input/Editor/Resources/Icons/HandRightIcon.png
  artifactKey: Guid(985915d4db439114797fb72a46387d71) Importer(815301076,1909f56bfc062723c751e8b465ee728b)
Start importing Assets/SteamVR/Input/Editor/Resources/Icons/HandRightIcon.png using Guid(985915d4db439114797fb72a46387d71) Importer(815301076,1909f56bfc062723c751e8b465ee728b)  -> (artifact id: '5649e25c9ffec38de3585792453691cc') in 0.019759 seconds
Number of updated asset objects reloaded before import = 0
Number of asset objects unloaded after import = 2
========================================================================
Received Import Request.
  Time since last request: 0.000021 seconds.
  path: Assets/SteamVR/InteractionSystem/Teleport/Materials URP/URPTeleportAreaHighlightedBright.mat
  artifactKey: Guid(42e2d33cb8e988945826a8a0f5c0f543) Importer(815301076,1909f56bfc062723c751e8b465ee728b)
Start importing Assets/SteamVR/InteractionSystem/Teleport/Materials URP/URPTeleportAreaHighlightedBright.mat using Guid(42e2d33cb8e988945826a8a0f5c0f543) Importer(815301076,1909f56bfc062723c751e8b465ee728b)  -> (artifact id: '4e0d40a7b8020ffd00745c9508a1ef0f') in 0.016495 seconds
Number of updated asset objects reloaded before import = 0
Number of asset objects unloaded after import = 2
========================================================================
Received Import Request.
  Time since last request: 0.000021 seconds.
  path: Assets/SteamVR/Prefabs/vr_glove_right_model_slim.prefab
  artifactKey: Guid(6def53d002137b747aec0b29551e0e25) Importer(815301076,1909f56bfc062723c751e8b465ee728b)
Start importing Assets/SteamVR/Prefabs/vr_glove_right_model_slim.prefab using Guid(6def53d002137b747aec0b29551e0e25) Importer(815301076,1909f56bfc062723c751e8b465ee728b)  -> (artifact id: '421fe00e60a0c04eccf33055443329c9') in 0.140585 seconds
Number of updated asset objects reloaded before import = 0
Number of asset objects unloaded after import = 98
========================================================================
Received Import Request.
  Time since last request: 0.000026 seconds.
  path: Assets/SteamVR/InteractionSystem/Samples/BuggyBuddy/Buggy Controller.fbx
  artifactKey: Guid(02842627faccabf418acf404c32f7b7a) Importer(815301076,1909f56bfc062723c751e8b465ee728b)
Start importing Assets/SteamVR/InteractionSystem/Samples/BuggyBuddy/Buggy Controller.fbx using Guid(02842627faccabf418acf404c32f7b7a) Importer(815301076,1909f56bfc062723c751e8b465ee728b)  -> (artifact id: '7ad845ed4b3e02f6dacf5ca7832aac08') in 0.114737 seconds
Number of updated asset objects reloaded before import = 0
Number of asset objects unloaded after import = 52
========================================================================
Received Import Request.
  Time since last request: 0.000041 seconds.
  path: Assets/SteamVR/InteractionSystem/Core/Icons/vr_interaction_system_right_hand.png
  artifactKey: Guid(1acda2a2584a8fb4683ea56799b27fa0) Importer(815301076,1909f56bfc062723c751e8b465ee728b)
Start importing Assets/SteamVR/InteractionSystem/Core/Icons/vr_interaction_system_right_hand.png using Guid(1acda2a2584a8fb4683ea56799b27fa0) Importer(815301076,1909f56bfc062723c751e8b465ee728b)  -> (artifact id: 'b2616763c708cf1c19796f91fb67165b') in 0.013641 seconds
Number of updated asset objects reloaded before import = 0
Number of asset objects unloaded after import = 2
========================================================================
Received Import Request.
  Time since last request: 0.000025 seconds.
  path: Assets/Wave/Essence/Hand/Model/6.0.0-r.14/Model/WVRRightHand_1106_ASCII.fbx
  artifactKey: Guid(8074022b31759934f8030f8b9655bac0) Importer(815301076,1909f56bfc062723c751e8b465ee728b)
Start importing Assets/Wave/Essence/Hand/Model/6.0.0-r.14/Model/WVRRightHand_1106_ASCII.fbx using Guid(8074022b31759934f8030f8b9655bac0) Importer(815301076,1909f56bfc062723c751e8b465ee728b)  -> (artifact id: 'd52144e69d1cc707cfb87d41ec59a768') in 0.032679 seconds
Number of updated asset objects reloaded before import = 0
Number of asset objects unloaded after import = 61
========================================================================
Received Import Request.
  Time since last request: 0.000021 seconds.
  path: Assets/SteamVR/InteractionSystem/Core/Prefabs/RightRenderModel Alien.prefab
  artifactKey: Guid(b3cb7e5f55e66cb40aea59db72c62365) Importer(815301076,1909f56bfc062723c751e8b465ee728b)
Start importing Assets/SteamVR/InteractionSystem/Core/Prefabs/RightRenderModel Alien.prefab using Guid(b3cb7e5f55e66cb40aea59db72c62365) Importer(815301076,1909f56bfc062723c751e8b465ee728b)  -> (artifact id: '76646f2c821d5a1b37f11342118d9909') in 0.006513 seconds
Number of updated asset objects reloaded before import = 0
Number of asset objects unloaded after import = 142
Editor requested this worker to shutdown with reason: Scaling down because of idle timeout
TcpMessagingSession - receive error: operation aborted. errorcode: 995, details: Der E/A-Vorgang wurde wegen eines Threadendes oder einer Anwendungsanforderung abgebrochen.
AssetImportWorker is now disconnected from the server
Process exiting
Exiting without the bug reporter. Application will terminate with return code 0